<?xml version="1.0" encoding="UTF-8"?>
<!-- Generated by org.testng.reporters.JUnitReportReporter -->
<testsuite hostname="DineshkumarsMBP.home" name="com.qa.RestAssured.Tests.WeatherInfoTests" tests="2" failures="0" timestamp="31 Dec 2018 09:25:34 GMT" time="2.824" errors="0">
  <testcase name="getWeatherDetailsWithCorrectCityNameTest" time="0.516" classname="com.qa.RestAssured.Tests.WeatherInfoTests"/>
  <testcase name="getWeatherDetailsWithCorrectCityNameTest" time="2.308" classname="com.qa.RestAssured.Tests.WeatherInfoTests"/>
</testsuite> <!-- com.qa.RestAssured.Tests.WeatherInfoTests -->
